This is pdfTeX, Version 3.1415926-2.4-1.40.13 (TeX Live 2012) (format=pdflatex 2012.6.30)  2 AUG 2013 15:18
entering extended mode
 restricted \write18 enabled.
 %&-line parsing enabled.
**mg-rast-tech-report.tex
(./mg-rast-tech-report.tex
LaTeX2e <2011/06/27>
Babel <v3.8m> and hyphenation patterns for english, dumylang, nohyphenation, ge
rman-x-2012-05-30, ngerman-x-2012-05-30, afrikaans, ancientgreek, ibycus, arabi
c, armenian, basque, bulgarian, catalan, pinyin, coptic, croatian, czech, danis
h, dutch, ukenglish, usenglishmax, esperanto, estonian, ethiopic, farsi, finnis
h, french, friulan, galician, german, ngerman, swissgerman, monogreek, greek, h
ungarian, icelandic, assamese, bengali, gujarati, hindi, kannada, malayalam, ma
rathi, oriya, panjabi, tamil, telugu, indonesian, interlingua, irish, italian, 
kurmanji, latin, latvian, lithuanian, mongolian, mongolianlmc, bokmal, nynorsk,
 polish, portuguese, romanian, romansh, russian, sanskrit, serbian, serbianc, s
lovak, slovenian, spanish, swedish, turkish, turkmen, ukrainian, uppersorbian, 
welsh, loaded.
(/usr/local/texlive/2012/texmf-dist/tex/latex/base/report.cls
Document Class: report 2007/10/19 v1.4h Standard LaTeX document class
(/usr/local/texlive/2012/texmf-dist/tex/latex/base/size12.clo
File: size12.clo 2007/10/19 v1.4h Standard LaTeX file (size option)
)
\c@part=\count79
\c@chapter=\count80
\c@section=\count81
\c@subsection=\count82
\c@subsubsection=\count83
\c@paragraph=\count84
\c@subparagraph=\count85
\c@figure=\count86
\c@table=\count87
\abovecaptionskip=\skip41
\belowcaptionskip=\skip42
\bibindent=\dimen102
)
(/usr/local/texlive/2012/texmf-dist/tex/latex/preprint/fullpage.sty
Package: fullpage 1999/02/23 1.1 (PWD)
\FP@margin=\skip43
)
(/usr/local/texlive/2012/texmf-dist/tex/latex/graphics/graphicx.sty
Package: graphicx 1999/02/16 v1.0f Enhanced LaTeX Graphics (DPC,SPQR)

(/usr/local/texlive/2012/texmf-dist/tex/latex/graphics/keyval.sty
Package: keyval 1999/03/16 v1.13 key=value parser (DPC)
\KV@toks@=\toks14
)
(/usr/local/texlive/2012/texmf-dist/tex/latex/graphics/graphics.sty
Package: graphics 2009/02/05 v1.0o Standard LaTeX Graphics (DPC,SPQR)

(/usr/local/texlive/2012/texmf-dist/tex/latex/graphics/trig.sty
Package: trig 1999/03/16 v1.09 sin cos tan (DPC)
)
(/usr/local/texlive/2012/texmf-dist/tex/latex/latexconfig/graphics.cfg
File: graphics.cfg 2010/04/23 v1.9 graphics configuration of TeX Live
)
Package graphics Info: Driver file: pdftex.def on input line 91.

(/usr/local/texlive/2012/texmf-dist/tex/latex/pdftex-def/pdftex.def
File: pdftex.def 2011/05/27 v0.06d Graphics/color for pdfTeX

(/usr/local/texlive/2012/texmf-dist/tex/generic/oberdiek/infwarerr.sty
Package: infwarerr 2010/04/08 v1.3 Providing info/warning/error messages (HO)
)
(/usr/local/texlive/2012/texmf-dist/tex/generic/oberdiek/ltxcmds.sty
Package: ltxcmds 2011/11/09 v1.22 LaTeX kernel commands for general use (HO)
)
\Gread@gobject=\count88
))
\Gin@req@height=\dimen103
\Gin@req@width=\dimen104
)
(/usr/local/texlive/2012/texmf-dist/tex/latex/psnfss/times.sty
Package: times 2005/04/12 PSNFSS-v9.2a (SPQR) 
)
(/usr/local/texlive/2012/texmf-dist/tex/latex/mdframed/mdframed.sty
Package: mdframed 2012/04/08 v1.5: mdframed

(/usr/local/texlive/2012/texmf-dist/tex/latex/oberdiek/kvoptions.sty
Package: kvoptions 2011/06/30 v3.11 Key value format for package options (HO)

(/usr/local/texlive/2012/texmf-dist/tex/generic/oberdiek/kvsetkeys.sty
Package: kvsetkeys 2012/04/25 v1.16 Key value parser (HO)

(/usr/local/texlive/2012/texmf-dist/tex/generic/oberdiek/etexcmds.sty
Package: etexcmds 2011/02/16 v1.5 Avoid name clashes with e-TeX commands (HO)

(/usr/local/texlive/2012/texmf-dist/tex/generic/oberdiek/ifluatex.sty
Package: ifluatex 2010/03/01 v1.3 Provides the ifluatex switch (HO)
Package ifluatex Info: LuaTeX not detected.
)
Package etexcmds Info: Could not find \expanded.
(etexcmds)             That can mean that you are not using pdfTeX 1.50 or
(etexcmds)             that some package has redefined \expanded.
(etexcmds)             In the latter case, load this package earlier.
)))
(/usr/local/texlive/2012/texmf-dist/tex/latex/l3packages/xparse/xparse.sty
(/usr/local/texlive/2012/texmf-dist/tex/latex/l3kernel/expl3.sty
(/usr/local/texlive/2012/texmf-dist/tex/latex/l3kernel/l3names.sty
(/usr/local/texlive/2012/texmf-dist/tex/latex/l3kernel/l3bootstrap.sty
Package: l3bootstrap 2011/12/29 v3110 L3 Experimental bootstrap code
)
Package: l3names 2012/03/04 v3494 L3 Experimental namespace for primitives
)
(/usr/local/texlive/2012/texmf-dist/tex/latex/etex-pkg/etex.sty
Package: etex 1998/03/26 v2.0 eTeX basic definition package (PEB)
\et@xins=\count89
)
Package: expl3 2012/04/23 v3570 L3 Experimental code bundle wrapper

(/usr/local/texlive/2012/texmf-dist/tex/latex/graphics/color.sty
Package: color 2005/11/14 v1.0j Standard LaTeX Color (DPC)

(/usr/local/texlive/2012/texmf-dist/tex/latex/latexconfig/color.cfg
File: color.cfg 2007/01/18 v1.5 color configuration of teTeX/TeXLive
)
Package color Info: Driver file: pdftex.def on input line 130.
)
(/usr/local/texlive/2012/texmf-dist/tex/latex/l3kernel/l3basics.sty
Package: l3basics 2012/03/04 v3491 L3 Experimental basic definitions
)
(/usr/local/texlive/2012/texmf-dist/tex/latex/l3kernel/l3expan.sty
Package: l3expan 2012/02/26 v3460 L3 Experimental argument expansion
)
(/usr/local/texlive/2012/texmf-dist/tex/latex/l3kernel/l3tl.sty
Package: l3tl 2012/03/04 v3490 L3 Experimental token lists
)
(/usr/local/texlive/2012/texmf-dist/tex/latex/l3kernel/l3seq.sty
Package: l3seq 2012/03/04 v3490 L3 Experimental sequences and stacks
)
(/usr/local/texlive/2012/texmf-dist/tex/latex/l3kernel/l3int.sty
Package: l3int 2012/03/04 v3490 L3 Experimental integers
\c_max_int=\count90
\l_tmpa_int=\count91
\l_tmpb_int=\count92
\l_tmpc_int=\count93
\g_tmpa_int=\count94
\g_tmpb_int=\count95
)
(/usr/local/texlive/2012/texmf-dist/tex/latex/l3kernel/l3quark.sty
Package: l3quark 2012/02/12 v3384 L3 Experimental quarks
)
(/usr/local/texlive/2012/texmf-dist/tex/latex/l3kernel/l3prg.sty
Package: l3prg 2012/03/04 v3490 L3 Experimental control structures
\g_prg_map_int=\count96
)
(/usr/local/texlive/2012/texmf-dist/tex/latex/l3kernel/l3clist.sty
Package: l3clist 2012/03/04 v3490 L3 Experimental comma separated lists
)
(/usr/local/texlive/2012/texmf-dist/tex/latex/l3kernel/l3token.sty
Package: l3token 2012/03/04 v3491 L3 Experimental token manipulation
)
(/usr/local/texlive/2012/texmf-dist/tex/latex/l3kernel/l3prop.sty
Package: l3prop 2012/03/04 v3490 L3 Experimental property lists
)
(/usr/local/texlive/2012/texmf-dist/tex/latex/l3kernel/l3msg.sty
Package: l3msg 2012/04/23 v3568 L3 Experimental messages
)
(/usr/local/texlive/2012/texmf-dist/tex/latex/l3kernel/l3file.sty
Package: l3file 2012/03/09 v3520 L3 Experimental file and I/O operations
\l_iow_stream_int=\count97
\l_iow_line_length_int=\count98
\l_iow_target_length_int=\count99
\l_iow_current_line_int=\count100
\l_iow_current_word_int=\count101
\l_iow_current_indentation_int=\count102
)
(/usr/local/texlive/2012/texmf-dist/tex/latex/l3kernel/l3skip.sty
Package: l3skip 2012/03/05 v3499 L3 Experimental dimensions and skips
\l_tmpa_dim=\dimen105
\l_tmpb_dim=\dimen106
\l_tmpc_dim=\dimen107
\g_tmpa_dim=\dimen108
\g_tmpb_dim=\dimen109
\l_tmpa_skip=\skip44
\l_tmpb_skip=\skip45
\l_tmpc_skip=\skip46
\g_tmpa_skip=\skip47
\g_tmpb_skip=\skip48
)
(/usr/local/texlive/2012/texmf-dist/tex/latex/l3kernel/l3keys.sty
Package: l3keys 2012/03/03 v3487 L3 Experimental key-value interfaces
\g_keyval_level_int=\count103
\l_keys_choice_int=\count104
)
(/usr/local/texlive/2012/texmf-dist/tex/latex/l3kernel/l3fp.sty
Package: l3fp 2012/03/04 v3490 L3 Experimental floating-point operations
\c_one_million=\count105
\c_one_hundred_million=\count106
\c_five_hundred_million=\count107
\c_one_thousand_million=\count108
\c_fp_pi_by_four_decimal_int=\count109
\c_fp_pi_by_four_extended_int=\count110
\c_fp_pi_decimal_int=\count111
\c_fp_pi_extended_int=\count112
\c_fp_two_pi_decimal_int=\count113
\c_fp_two_pi_extended_int=\count114
\l_fp_count_int=\count115
\l_fp_div_offset_int=\count116
\l_fp_exp_integer_int=\count117
\l_fp_exp_decimal_int=\count118
\l_fp_exp_extended_int=\count119
\l_fp_exp_exponent_int=\count120
\l_fp_input_a_sign_int=\count121
\l_fp_input_a_integer_int=\count122
\l_fp_input_a_decimal_int=\count123
\l_fp_input_a_exponent_int=\count124
\l_fp_input_b_sign_int=\count125
\l_fp_input_b_integer_int=\count126
\l_fp_input_b_decimal_int=\count127
\l_fp_input_b_exponent_int=\count128
\l_fp_input_a_extended_int=\count129
\l_fp_input_b_extended_int=\count130
\l_fp_mul_a_i_int=\count131
\l_fp_mul_a_ii_int=\count132
\l_fp_mul_a_iii_int=\count133
\l_fp_mul_a_iv_int=\count134
\l_fp_mul_a_v_int=\count135
\l_fp_mul_a_vi_int=\count136
\l_fp_mul_b_i_int=\count137
\l_fp_mul_b_ii_int=\count138
\l_fp_mul_b_iii_int=\count139
\l_fp_mul_b_iv_int=\count140
\l_fp_mul_b_v_int=\count141
\l_fp_mul_b_vi_int=\count142
\l_fp_mul_output_int=\count143
\l_fp_output_sign_int=\count144
\l_fp_output_integer_int=\count145
\l_fp_output_decimal_int=\count146
\l_fp_output_exponent_int=\count147
\l_fp_output_extended_int=\count148
\l_fp_round_position_int=\count149
\l_fp_round_target_int=\count150
\l_fp_split_sign_int=\count151
\l_fp_internal_int=\count152
\l_fp_trig_octant_int=\count153
\l_fp_trig_sign_int=\count154
\l_fp_trig_decimal_int=\count155
\l_fp_trig_extended_int=\count156
\l_fp_internal_dim=\dimen110
\l_fp_internal_skip=\skip49
)
(/usr/local/texlive/2012/texmf-dist/tex/latex/l3kernel/l3box.sty
Package: l3box 2012/03/04 v3490 L3 Experimental boxes
\l_tmpb_box=\box26
\l_box_top_dim=\dimen111
\l_box_bottom_dim=\dimen112
\l_box_left_dim=\dimen113
\l_box_right_dim=\dimen114
\l_box_top_new_dim=\dimen115
\l_box_bottom_new_dim=\dimen116
\l_box_left_new_dim=\dimen117
\l_box_right_new_dim=\dimen118
\l_box_internal_box=\box27
)
(/usr/local/texlive/2012/texmf-dist/tex/latex/l3kernel/l3coffins.sty
Package: l3coffins 2012/03/03 v3482 L3 Experimental coffin code layer
\l_coffin_internal_box=\box28
\l_coffin_internal_dim=\dimen119
\l_coffin_offset_x_dim=\dimen120
\l_coffin_offset_y_dim=\dimen121
\l_coffin_x_dim=\dimen122
\l_coffin_y_dim=\dimen123
\l_coffin_x_prime_dim=\dimen124
\l_coffin_y_prime_dim=\dimen125
\l_coffin_Depth_dim=\dimen126
\l_coffin_Height_dim=\dimen127
\l_coffin_TotalHeight_dim=\dimen128
\l_coffin_Width_dim=\dimen129
\c_empty_coffin=\box29
\l_coffin_aligned_coffin=\box30
\l_coffin_aligned_internal_coffin=\box31
\l_coffin_bounding_shift_dim=\dimen130
\l_coffin_left_corner_dim=\dimen131
\l_coffin_right_corner_dim=\dimen132
\l_coffin_bottom_corner_dim=\dimen133
\l_coffin_top_corner_dim=\dimen134
\l_coffin_scaled_total_height_dim=\dimen135
\l_coffin_scaled_width_dim=\dimen136
\l_coffin_display_coffin=\box32
\l_coffin_display_coord_coffin=\box33
\l_coffin_display_pole_coffin=\box34
\l_coffin_display_offset_dim=\dimen137
\l_coffin_display_x_dim=\dimen138
\l_coffin_display_y_dim=\dimen139
)
(/usr/local/texlive/2012/texmf-dist/tex/latex/l3kernel/l3color.sty
Package: l3color 2011/09/07 v2776 L3 Experimental colour support
)
(/usr/local/texlive/2012/texmf-dist/tex/latex/l3kernel/l3luatex.sty
Package: l3luatex 2012/02/09 v3355 L3 Experimental LuaTeX-specific functions
\g_cctab_allocate_int=\count157
\g_cctab_stack_int=\count158
))
Package: xparse 2012/04/23 v3570 L3 Experimental document command parser
\l_xparse_current_arg_int=\count159
\l_xparse_m_args_int=\count160
\l_xparse_mandatory_args_int=\count161
\l_xparse_processor_int=\count162
\l_xparse_v_nesting_int=\count163
)
(/usr/local/texlive/2012/texmf-dist/tex/latex/etoolbox/etoolbox.sty
Package: etoolbox 2011/01/03 v2.1 e-TeX tools for LaTeX
\etb@tempcnta=\count164
)
(/usr/local/texlive/2012/texmf-dist/tex/latex/oberdiek/zref-abspage.sty
Package: zref-abspage 2012/04/04 v2.24 Module abspage for zref (HO)

(/usr/local/texlive/2012/texmf-dist/tex/latex/oberdiek/zref-base.sty
Package: zref-base 2012/04/04 v2.24 Module base for zref (HO)

(/usr/local/texlive/2012/texmf-dist/tex/generic/oberdiek/kvdefinekeys.sty
Package: kvdefinekeys 2011/04/07 v1.3 Define keys (HO)
)
(/usr/local/texlive/2012/texmf-dist/tex/generic/oberdiek/pdftexcmds.sty
Package: pdftexcmds 2011/11/29 v0.20 Utility functions of pdfTeX for LuaTeX (HO
)

(/usr/local/texlive/2012/texmf-dist/tex/generic/oberdiek/ifpdf.sty
Package: ifpdf 2011/01/30 v2.3 Provides the ifpdf switch (HO)
Package ifpdf Info: pdfTeX in PDF mode is detected.
)
Package pdftexcmds Info: LuaTeX not detected.
Package pdftexcmds Info: \pdf@primitive is available.
Package pdftexcmds Info: \pdf@ifprimitive is available.
Package pdftexcmds Info: \pdfdraftmode found.
)
(/usr/local/texlive/2012/texmf-dist/tex/latex/oberdiek/auxhook.sty
Package: auxhook 2011/03/04 v1.3 Hooks for auxiliary files (HO)
)
Package zref Info: New property list: main on input line 759.
Package zref Info: New property: default on input line 760.
Package zref Info: New property: page on input line 761.
)
(/usr/local/texlive/2012/texmf-dist/tex/generic/oberdiek/atbegshi.sty
Package: atbegshi 2011/10/05 v1.16 At begin shipout hook (HO)
)
\c@abspage=\count165
Package zref Info: New property: abspage on input line 62.
)
\mdf@templength=\skip50
\c@mdf@globalstyle@cnt=\count166
\mdf@skipabove@length=\skip51
\mdf@skipbelow@length=\skip52
\mdf@leftmargin@length=\skip53
\mdf@rightmargin@length=\skip54
\mdf@innerleftmargin@length=\skip55
\mdf@innerrightmargin@length=\skip56
\mdf@innertopmargin@length=\skip57
\mdf@innerbottommargin@length=\skip58
\mdf@splittopskip@length=\skip59
\mdf@splitbottomskip@length=\skip60
\mdf@outermargin@length=\skip61
\mdf@innermargin@length=\skip62
\mdf@linewidth@length=\skip63
\mdf@innerlinewidth@length=\skip64
\mdf@middlelinewidth@length=\skip65
\mdf@outerlinewidth@length=\skip66
\mdf@roundcorner@length=\skip67
\mdf@footenotedistance@length=\skip68
\mdf@userdefinedwidth@length=\skip69
\mdf@frametitleaboveskip@length=\skip70
\mdf@frametitlebelowskip@length=\skip71
\mdf@frametitlerulewidth@length=\skip72
\mdf@frametitleleftmargin@length=\skip73
\mdf@frametitlerightmargin@length=\skip74
\mdf@shadowsize@length=\skip75
\mdf@frametitlebox=\box35
\mdf@footnotebox=\box36
\mdf@splitbox@one=\box37
\mdf@splitbox@two=\box38
\mdfsplitboxwidth=\skip76
\mdfsplitboxtotalwidth=\skip77
\mdfsplitboxheight=\skip78
\mdfsplitboxdepth=\skip79
\mdfsplitboxtotalheight=\skip80
\mdfframetitleboxwidth=\skip81
\mdfframetitleboxtotalwidth=\skip82
\mdfframetitleboxheight=\skip83
\mdfframetitleboxdepth=\skip84
\mdfframetitleboxtotalheight=\skip85
\mdffootnoteboxwidth=\skip86
\mdffootnoteboxtotalwidth=\skip87
\mdffootnoteboxheight=\skip88
\mdffootnoteboxdepth=\skip89
\mdffootnoteboxtotalheight=\skip90
\mdftotallinewidth=\skip91
\mdfboundingboxwidth=\skip92
\mdfboundingboxtotalwidth=\skip93
\mdfboundingboxheight=\skip94
\mdfboundingboxdepth=\skip95
\mdfboundingboxtotalheight=\skip96
\mdf@freevspace@length=\skip97
\mdf@horizontalwidthofbox@length=\skip98
\mdf@verticalmarginwhole@length=\skip99
.................................................
. LaTeX info: "xparse/define-command"
. 
. Defining document command \newmdtheoremenv with arg. spec. 'O{} m o m o ' on
. line 501.
.................................................
.................................................
. LaTeX info: "xparse/define-command"
. 
. Defining document command \mdtheorem with arg. spec. ' O{} m o m o ' on line
. 581.
.................................................

(/usr/local/texlive/2012/texmf-dist/tex/latex/mdframed/md-frame-0.mdf
File: md-frame-0.mdf 2012/04/08 v1.5: md-frame-0
)
\c@mdf@zref@counter=\count167
Package zref Info: New property: mdf@pagevalue on input line 782.
\mdf@horizontalspaceofbox=\skip100
)
(/usr/local/texlive/2012/texmf-dist/tex/latex/preprint/authblk.sty
Package: authblk 2009/11/18 1.3 (PWD)
\affilsep=\skip101
\@affilsep=\skip102
\c@Maxaffil=\count168
\c@authors=\count169
\c@affil=\count170
)
(/usr/local/texlive/2012/texmf-dist/tex/latex/float/float.sty
Package: float 2001/11/08 v1.3d Float enhancements (AL)
\c@float@type=\count171
\float@exts=\toks15
\float@box=\box39
\@float@everytoks=\toks16
\@floatcapt=\box40
)
(/usr/local/texlive/2012/texmf-dist/tex/latex/cite/cite.sty
LaTeX Info: Redefining \cite on input line 302.
LaTeX Info: Redefining \nocite on input line 373.
Package: cite 2010/09/10  v 5.3
)
(/usr/local/texlive/2012/texmf-dist/tex/latex/hyperref/hyperref.sty
Package: hyperref 2012/05/13 v6.82q Hypertext links for LaTeX

(/usr/local/texlive/2012/texmf-dist/tex/generic/oberdiek/hobsub-hyperref.sty
Package: hobsub-hyperref 2012/05/28 v1.13 Bundle oberdiek, subset hyperref (HO)


(/usr/local/texlive/2012/texmf-dist/tex/generic/oberdiek/hobsub-generic.sty
Package: hobsub-generic 2012/05/28 v1.13 Bundle oberdiek, subset generic (HO)
Package: hobsub 2012/05/28 v1.13 Construct package bundles (HO)
Package hobsub Info: Skipping package `infwarerr' (already loaded).
Package hobsub Info: Skipping package `ltxcmds' (already loaded).
Package hobsub Info: Skipping package `ifluatex' (already loaded).
Package: ifvtex 2010/03/01 v1.5 Detect VTeX and its facilities (HO)
Package ifvtex Info: VTeX not detected.
Package: intcalc 2007/09/27 v1.1 Expandable calculations with integers (HO)
Package hobsub Info: Skipping package `ifpdf' (already loaded).
Package hobsub Info: Skipping package `etexcmds' (already loaded).
Package hobsub Info: Skipping package `kvsetkeys' (already loaded).
Package hobsub Info: Skipping package `kvdefinekeys' (already loaded).
Package hobsub Info: Skipping package `pdftexcmds' (already loaded).
Package: pdfescape 2011/11/25 v1.13 Implements pdfTeX's escape features (HO)
Package: bigintcalc 2012/04/08 v1.3 Expandable calculations on big integers (HO
)
Package: bitset 2011/01/30 v1.1 Handle bit-vector datatype (HO)
Package: uniquecounter 2011/01/30 v1.2 Provide unlimited unique counter (HO)
)
Package hobsub Info: Skipping package `hobsub' (already loaded).
Package: letltxmacro 2010/09/02 v1.4 Let assignment for LaTeX macros (HO)
Package: hopatch 2012/05/28 v1.2 Wrapper for package hooks (HO)
Package: xcolor-patch 2011/01/30 xcolor patch
Package: atveryend 2011/06/30 v1.8 Hooks at the very end of document (HO)
Package hobsub Info: Skipping package `atbegshi' (already loaded).
Package: refcount 2011/10/16 v3.4 Data extraction from label references (HO)
Package: hycolor 2011/01/30 v1.7 Color options for hyperref/bookmark (HO)
)
(/usr/local/texlive/2012/texmf-dist/tex/generic/ifxetex/ifxetex.sty
Package: ifxetex 2010/09/12 v0.6 Provides ifxetex conditional
)
\@linkdim=\dimen140
\Hy@linkcounter=\count172
\Hy@pagecounter=\count173

(/usr/local/texlive/2012/texmf-dist/tex/latex/hyperref/pd1enc.def
File: pd1enc.def 2012/05/13 v6.82q Hyperref: PDFDocEncoding definition (HO)
)
\Hy@SavedSpaceFactor=\count174

(/usr/local/texlive/2012/texmf-dist/tex/latex/latexconfig/hyperref.cfg
File: hyperref.cfg 2002/06/06 v1.2 hyperref configuration of TeXLive
)
Package hyperref Info: Hyper figures OFF on input line 4062.
Package hyperref Info: Link nesting OFF on input line 4067.
Package hyperref Info: Hyper index ON on input line 4070.
Package hyperref Info: Plain pages OFF on input line 4077.
Package hyperref Info: Backreferencing OFF on input line 4082.
Package hyperref Info: Implicit mode ON; LaTeX internals redefined.
Package hyperref Info: Bookmarks ON on input line 4300.
\c@Hy@tempcnt=\count175

(/usr/local/texlive/2012/texmf-dist/tex/latex/url/url.sty
\Urlmuskip=\muskip10
Package: url 2006/04/12  ver 3.3  Verb mode for urls, etc.
)
LaTeX Info: Redefining \url on input line 4653.
\Fld@menulength=\count176
\Field@Width=\dimen141
\Fld@charsize=\dimen142
Package hyperref Info: Hyper figures OFF on input line 5773.
Package hyperref Info: Link nesting OFF on input line 5778.
Package hyperref Info: Hyper index ON on input line 5781.
Package hyperref Info: backreferencing OFF on input line 5788.
Package hyperref Info: Link coloring OFF on input line 5793.
Package hyperref Info: Link coloring with OCG OFF on input line 5798.
Package hyperref Info: PDF/A mode OFF on input line 5803.
LaTeX Info: Redefining \ref on input line 5843.
LaTeX Info: Redefining \pageref on input line 5847.
\Hy@abspage=\count177
\c@Item=\count178
\c@Hfootnote=\count179
)

Package hyperref Message: Driver (autodetected): hpdftex.

(/usr/local/texlive/2012/texmf-dist/tex/latex/hyperref/hpdftex.def
File: hpdftex.def 2012/05/13 v6.82q Hyperref driver for pdfTeX
\Fld@listcount=\count180
\c@bookmark@seq@number=\count181

(/usr/local/texlive/2012/texmf-dist/tex/latex/oberdiek/rerunfilecheck.sty
Package: rerunfilecheck 2011/04/15 v1.7 Rerun checks for auxiliary files (HO)
Package uniquecounter Info: New unique counter `rerunfilecheck' on input line 2
82.
)
\Hy@SectionHShift=\skip103
)
(/usr/local/texlive/2012/texmf-dist/tex/latex/glossaries/base/glossaries.sty
Package: glossaries 2012/05/21 v3.02 (NLCT)

(/usr/local/texlive/2012/texmf-dist/tex/latex/base/ifthen.sty
Package: ifthen 2001/05/26 v1.1c Standard LaTeX ifthen package (DPC)
)
(/usr/local/texlive/2012/texmf-dist/tex/latex/xkeyval/xkeyval.sty
Package: xkeyval 2008/08/13 v2.6a package option processing (HA)

(/usr/local/texlive/2012/texmf-dist/tex/generic/xkeyval/xkeyval.tex
\XKV@toks=\toks17
\XKV@tempa@toks=\toks18
\XKV@depth=\count182
File: xkeyval.tex 2008/08/13 v2.6a key=value parser (HA)
))
(/usr/local/texlive/2012/texmf-dist/tex/latex/glossaries/base/mfirstuc.sty
Package: mfirstuc 2012/05/21 v1.06 (NLCT)
\@glsmfirst=\toks19
\@glsmrest=\toks20
)
(/usr/local/texlive/2012/texmf-dist/tex/latex/xfor/xfor.sty
Package: xfor 2009/02/05 v1.05 (NLCT)
)
(/usr/local/texlive/2012/texmf-dist/tex/latex/amsmath/amsgen.sty
File: amsgen.sty 1999/11/30 v2.0
\@emptytoks=\toks21
\ex@=\dimen143
)
\gls@level=\count183
\@gls@tmpb=\toks22
\gls@tmplen=\skip104
\glswrite=\write3
\glskeylisttok=\toks23
\glslabeltok=\toks24
\glsshorttok=\toks25
\glslongtok=\toks26

(/usr/local/texlive/2012/texmf-dist/tex/latex/glossaries/styles/glossary-hypern
av.sty
Package: glossary-hypernav 2007/07/04 v1.01 (NLCT)
)
(/usr/local/texlive/2012/texmf-dist/tex/latex/glossaries/styles/glossary-list.s
ty
Package: glossary-list 2011/03/28 v3.0 (NLCT)
\glslistdottedwidth=\skip105
)
(/usr/local/texlive/2012/texmf-dist/tex/latex/glossaries/styles/glossary-long.s
ty
Package: glossary-long 2011/03/28 v3.0 (NLCT)
 (/usr/local/texlive/2012/texmf-dist/tex/latex/tools/longtable.sty
Package: longtable 2004/02/01 v4.11 Multi-page Table package (DPC)
\LTleft=\skip106
\LTright=\skip107
\LTpre=\skip108
\LTpost=\skip109
\LTchunksize=\count184
\LTcapwidth=\dimen144
\LT@head=\box41
\LT@firsthead=\box42
\LT@foot=\box43
\LT@lastfoot=\box44
\LT@cols=\count185
\LT@rows=\count186
\c@LT@tables=\count187
\c@LT@chunks=\count188
\LT@p@ftn=\toks27
)
\glsdescwidth=\skip110
\glspagelistwidth=\skip111
)
(/usr/local/texlive/2012/texmf-dist/tex/latex/glossaries/styles/glossary-super.
sty
Package: glossary-super 2011/03/28 v3.0 (NLCT)
 (/usr/local/texlive/2012/texmf-dist/tex/latex/supertabular/supertabular.sty
Package: supertabular 2004/02/20 v4.1e the supertabular environment
\c@tracingst=\count189
\ST@wd=\dimen145
\ST@rightskip=\skip112
\ST@leftskip=\skip113
\ST@parfillskip=\skip114
\ST@pageleft=\dimen146
\ST@headht=\dimen147
\ST@tailht=\dimen148
\ST@pagesofar=\dimen149
\ST@pboxht=\dimen150
\ST@lineht=\dimen151
\ST@stretchht=\dimen152
\ST@prevht=\dimen153
\ST@toadd=\dimen154
\ST@dimen=\dimen155
\ST@pbox=\box45
))
(/usr/local/texlive/2012/texmf-dist/tex/latex/glossaries/styles/glossary-tree.s
ty
Package: glossary-tree 2011/03/28 v3.0 (NLCT)
\glstreeindent=\skip115
))
\glo@main@file=\write4
\openout4 = `mg-rast-tech-report.glo'.

Package glossaries Info: Writing glossary file mg-rast-tech-report.glo on input
 line 16.


LaTeX Warning: Unused global option(s):
    [fullpage].

(./mg-rast-tech-report.aux)
\openout1 = `mg-rast-tech-report.aux'.

LaTeX Font Info:    Checking defaults for OML/cmm/m/it on input line 18.
LaTeX Font Info:    ... okay on input line 18.
LaTeX Font Info:    Checking defaults for T1/cmr/m/n on input line 18.
LaTeX Font Info:    ... okay on input line 18.
LaTeX Font Info:    Checking defaults for OT1/cmr/m/n on input line 18.
LaTeX Font Info:    ... okay on input line 18.
LaTeX Font Info:    Checking defaults for OMS/cmsy/m/n on input line 18.
LaTeX Font Info:    ... okay on input line 18.
LaTeX Font Info:    Checking defaults for OMX/cmex/m/n on input line 18.
LaTeX Font Info:    ... okay on input line 18.
LaTeX Font Info:    Checking defaults for U/cmr/m/n on input line 18.
LaTeX Font Info:    ... okay on input line 18.
LaTeX Font Info:    Checking defaults for PD1/pdf/m/n on input line 18.
LaTeX Font Info:    ... okay on input line 18.
LaTeX Font Info:    Try loading font information for OT1+ptm on input line 18.

(/usr/local/texlive/2012/texmf-dist/tex/latex/psnfss/ot1ptm.fd
File: ot1ptm.fd 2001/06/04 font definitions for OT1/ptm.
)
(/usr/local/texlive/2012/texmf-dist/tex/context/base/supp-pdf.mkii
[Loading MPS to PDF converter (version 2006.09.02).]
\scratchcounter=\count190
\scratchdimen=\dimen156
\scratchbox=\box46
\nofMPsegments=\count191
\nofMParguments=\count192
\everyMPshowfont=\toks28
\MPscratchCnt=\count193
\MPscratchDim=\dimen157
\MPnumerator=\count194
\makeMPintoPDFobject=\count195
\everyMPtoPDFconversion=\toks29
) (/usr/local/texlive/2012/texmf-dist/tex/latex/oberdiek/epstopdf-base.sty
Package: epstopdf-base 2010/02/09 v2.5 Base part for package epstopdf

(/usr/local/texlive/2012/texmf-dist/tex/latex/oberdiek/grfext.sty
Package: grfext 2010/08/19 v1.1 Manage graphics extensions (HO)
)
Package grfext Info: Graphics extension search list:
(grfext)             [.png,.pdf,.jpg,.mps,.jpeg,.jbig2,.jb2,.PNG,.PDF,.JPG,.JPE
G,.JBIG2,.JB2,.eps]
(grfext)             \AppendGraphicsExtensions on input line 452.

(/usr/local/texlive/2012/texmf-dist/tex/latex/latexconfig/epstopdf-sys.cfg
File: epstopdf-sys.cfg 2010/07/13 v1.3 Configuration of (r)epstopdf for TeX Liv
e
))
\AtBeginShipoutBox=\box47
Package hyperref Info: Link coloring OFF on input line 18.

(/usr/local/texlive/2012/texmf-dist/tex/latex/hyperref/nameref.sty
Package: nameref 2010/04/30 v2.40 Cross-referencing by name of section

(/usr/local/texlive/2012/texmf-dist/tex/generic/oberdiek/gettitlestring.sty
Package: gettitlestring 2010/12/03 v1.4 Cleanup title references (HO)
)
\c@section@level=\count196
)
LaTeX Info: Redefining \ref on input line 18.
LaTeX Info: Redefining \pageref on input line 18.
LaTeX Info: Redefining \nameref on input line 18.

(./mg-rast-tech-report.out) (./mg-rast-tech-report.out)
\@outlinefile=\write5
\openout5 = `mg-rast-tech-report.out'.

LaTeX Font Info:    External font `cmex10' loaded for size
(Font)              <14.4> on input line 46.
LaTeX Font Info:    External font `cmex10' loaded for size
(Font)              <7> on input line 46.
 [1

\openout3 = `mg-rast-tech-report.ist'.

{/usr/local/texlive/2012/texmf-var/fonts/map/pdftex/updmap/pdftex.map}]
LaTeX Font Info:    Font shape `OT1/ptm/bx/n' in size <24.88> not available
(Font)              Font shape `OT1/ptm/b/n' tried instead on input line 47.
 (./mg-rast-tech-report.toc
LaTeX Font Info:    Font shape `OT1/ptm/bx/n' in size <12> not available
(Font)              Font shape `OT1/ptm/b/n' tried instead on input line 1.
LaTeX Font Info:    External font `cmex10' loaded for size
(Font)              <12> on input line 2.
LaTeX Font Info:    External font `cmex10' loaded for size
(Font)              <8> on input line 2.
LaTeX Font Info:    External font `cmex10' loaded for size
(Font)              <6> on input line 2.
pdfTeX warning (ext4): destination with the same identifier (name{page.1}) has 
been already used, duplicate ignored
<to be read again> 
                   \relax 
l.28 ...mmon Ancestor (LCA)}{24}{subsection.2.5.3}
                                                   [1

] [2])
\tf@toc=\write6
\openout6 = `mg-rast-tech-report.toc'.

 [3] [4]
Chapter 1.
<Images/cost_per_megabase.png, id=510, 722.7pt x 542.025pt>
File: Images/cost_per_megabase.png Graphic file (type png)

<use Images/cost_per_megabase.png>
Package pdftex.def Info: Images/cost_per_megabase.png used on input line 84.
(pdftex.def)             Requested size: 289.07999pt x 216.80615pt.
LaTeX Font Info:    External font `cmex10' loaded for size
(Font)              <5> on input line 91.
 [5

]
LaTeX Font Info:    Try loading font information for OT1+pcr on input line 113.


(/usr/local/texlive/2012/texmf-dist/tex/latex/psnfss/ot1pcr.fd
File: ot1pcr.fd 2001/06/04 font definitions for OT1/pcr.
)
LaTeX Font Info:    Try loading font information for OMS+ptm on input line 119.


(/usr/local/texlive/2012/texmf-dist/tex/latex/psnfss/omsptm.fd
File: omsptm.fd 
)
LaTeX Font Info:    Font shape `OMS/ptm/m/n' in size <12> not available
(Font)              Font shape `OMS/cmsy/m/n' tried instead on input line 119.
 [6 <./Images/cost_per_megabase.png>]
LaTeX Font Info:    Font shape `OT1/ptm/bx/n' in size <17.28> not available
(Font)              Font shape `OT1/ptm/b/n' tried instead on input line 133.
LaTeX Font Info:    Font shape `OT1/ptm/bx/n' in size <14.4> not available
(Font)              Font shape `OT1/ptm/b/n' tried instead on input line 135.

<Images/mgrastv2VSv3.png, id=559, 1217.54875pt x 727.71875pt>
File: Images/mgrastv2VSv3.png Graphic file (type png)

<use Images/mgrastv2VSv3.png>
Package pdftex.def Info: Images/mgrastv2VSv3.png used on input line 155.
(pdftex.def)             Requested size: 433.62pt x 259.1692pt.
 [7] [8 <./Images/mgrastv2VSv3.png>] [9]
<Images/mgrastemail.png, id=583, 154.5775pt x 48.18pt>
File: Images/mgrastemail.png Graphic file (type png)

<use Images/mgrastemail.png>
Package pdftex.def Info: Images/mgrastemail.png used on input line 198.
(pdftex.def)             Requested size: 216.81pt x 67.58308pt.
 [10 <./Images/mgrastemail.png>] [11]
Chapter 2.
[12

] <Images/data-model.png, id=609, 632.3625pt x 508.90125pt>
File: Images/data-model.png Graphic file (type png)

<use Images/data-model.png>
Package pdftex.def Info: Images/data-model.png used on input line 286.
(pdftex.def)             Requested size: 433.62pt x 348.96799pt.
 [13 <./Images/data-model.png>]
<Images/mgrast_analysis-schema.png, id=616, 1417.4556pt x 1217.9904pt>
File: Images/mgrast_analysis-schema.png Graphic file (type png)

<use Images/mgrast_analysis-schema.png>
Package pdftex.def Info: Images/mgrast_analysis-schema.png used on input line 3
21.
(pdftex.def)             Requested size: 433.62pt x 372.59235pt.

<Images/mgrastv3pipeline.png, id=617, 569.9694pt x 227.6505pt>
File: Images/mgrastv3pipeline.png Graphic file (type png)

<use Images/mgrastv3pipeline.png>
Package pdftex.def Info: Images/mgrastv3pipeline.png used on input line 335.
(pdftex.def)             Requested size: 433.62pt x 173.20027pt.

<Images/MG-RAST-job-sizes.png, id=624, 959.585pt x 574.145pt>
File: Images/MG-RAST-job-sizes.png Graphic file (type png)

<use Images/MG-RAST-job-sizes.png>
Package pdftex.def Info: Images/MG-RAST-job-sizes.png used on input line 355.
(pdftex.def)             Requested size: 289.07999pt x 172.96321pt.
 [14] [15 <./Images/mgrast_analysis-schema.png>] [16 <./Images/mgrastv3pipeline
.png> <./Images/MG-RAST-job-sizes.png>]
[17] [18] [19] [20]
LaTeX Font Info:    External font `cmex10' loaded for size
(Font)              <10.95> on input line 505.
Missing character: There is no ‚ in font ptmr7t!
Missing character: There is no ‚ in font ptmr7t!
Missing character: There is no Ä in font ptmr7t!
Missing character: There is no ú in font ptmr7t!
Missing character: There is no ‚ in font ptmr7t!
Missing character: There is no Ä in font ptmr7t!
Missing character: There is no ù in font ptmr7t!
 [21]
<Images/nucleotide-hist-amplicon.png, id=745, 736.7525pt x 256.96pt>
File: Images/nucleotide-hist-amplicon.png Graphic file (type png)

<use Images/nucleotide-hist-amplicon.png>
Package pdftex.def Info: Images/nucleotide-hist-amplicon.png used on input line
 528.
(pdftex.def)             Requested size: 289.07999pt x 100.82173pt.

<Images/nucleotide-hist-ok.png, id=747, 737.75626pt x 252.945pt>
File: Images/nucleotide-hist-ok.png Graphic file (type png)

<use Images/nucleotide-hist-ok.png>
Package pdftex.def Info: Images/nucleotide-hist-ok.png used on input line 539.
(pdftex.def)             Requested size: 289.07999pt x 99.1113pt.

<Images/nucleotide-hist-barcodes.png, id=751, 735.74875pt x 252.945pt>
File: Images/nucleotide-hist-barcodes.png Graphic file (type png)

<use Images/nucleotide-hist-barcodes.png>
Package pdftex.def Info: Images/nucleotide-hist-barcodes.png used on input line
 551.
(pdftex.def)             Requested size: 289.07999pt x 99.38533pt.

<Images/nucleotide-with-contamination.png, id=753, 744.7825pt x 257.96375pt>
File: Images/nucleotide-with-contamination.png Graphic file (type png)

<use Images/nucleotide-with-contamination.png>
Package pdftex.def Info: Images/nucleotide-with-contamination.png used on input
 line 564.
(pdftex.def)             Requested size: 289.07999pt x 100.12917pt.
 [22 <./Images/nucleotide-hist-amplicon.png> <./Images/nucleotide-hist-ok.png>]
 [23 <./Images/nucleotide-hist-barcodes.png> <./Images/nucleotide-with-contamin
ation.png>] [24] [25]
<Images/sharing.png, id=787, 737.75626pt x 397.485pt>
File: Images/sharing.png Graphic file (type png)
 <use Images/sharing.png>
Package pdftex.def Info: Images/sharing.png used on input line 643.
(pdftex.def)             Requested size: 433.62pt x 233.62254pt.

<Images/Data-sharing-in-mg-rast.png, id=789, 325.215pt x 319.1925pt>
File: Images/Data-sharing-in-mg-rast.png Graphic file (type png)

<use Images/Data-sharing-in-mg-rast.png>
Package pdftex.def Info: Images/Data-sharing-in-mg-rast.png used on input line 
658.
(pdftex.def)             Requested size: 216.81pt x 212.80096pt.
 [26] [27 <./Images/sharing.png> <./Images/Data-sharing-in-mg-rast.png>]
Overfull \hbox (2.16748pt too wide) in paragraph at lines 694--697
\OT1/pcr/m/n/12 metagenomics . anl . gov / linkin . cgi ? metagenome = 4440283 
. 3$[]\OT1/ptm/m/n/12 . This URL pro-vides
 []

[28]
Chapter 3.
Missing character: There is no ‚ in font ptmr7t!
Missing character: There is no Ä in font ptmr7t!
Missing character: There is no ú in font ptmr7t!
Missing character: There is no ‚ in font ptmr7t!
Missing character: There is no Ä in font ptmr7t!
Missing character: There is no ù in font ptmr7t!
<Images/quad-chart-analysis-example.png, id=810, 752.5716pt x 468.5505pt>
File: Images/quad-chart-analysis-example.png Graphic file (type png)

<use Images/quad-chart-analysis-example.png>
Package pdftex.def Info: Images/quad-chart-analysis-example.png used on input l
ine 717.
(pdftex.def)             Requested size: 433.62pt x 269.9721pt.
Missing character: There is no ‚ in font ptmr7t!
Missing character: There is no Ä in font ptmr7t!
Missing character: There is no ù in font ptmr7t!
Missing character: There is no ‚ in font ptmr7t!
Missing character: There is no Ä in font ptmr7t!
Missing character: There is no ù in font ptmr7t!
Missing character: There is no ‚ in font ptmr7t!
Missing character: There is no Ä in font ptmr7t!
Missing character: There is no ù in font ptmr7t!
Missing character: There is no ‚ in font ptmr7t!
Missing character: There is no Ä in font ptmr7t!
Missing character: There is no ù in font ptmr7t!
 [29

] [30 <./Images/quad-chart-analysis-example.png>] <Images/sitemap.png, id=831, 
1556.81625pt x 821.0675pt>
File: Images/sitemap.png Graphic file (type png)

<use Images/sitemap.png>
Package pdftex.def Info: Images/sitemap.png used on input line 777.
(pdftex.def)             Requested size: 433.62pt x 228.6946pt.
 [31] [32 <./Images/sitemap.png>]
<Images/metagenome-browser.png, id=845, 797.98125pt x 831.105pt>
File: Images/metagenome-browser.png Graphic file (type png)

<use Images/metagenome-browser.png>
Package pdftex.def Info: Images/metagenome-browser.png used on input line 812.
(pdftex.def)             Requested size: 433.62pt x 451.61801pt.

<Images/project-page.png, id=847, 902.37125pt x 985.6825pt>
File: Images/project-page.png Graphic file (type png)

<use Images/project-page.png>
Package pdftex.def Info: Images/project-page.png used on input line 826.
(pdftex.def)             Requested size: 433.62pt x 473.66367pt.

<Images/project-page-editing-buttons.png, id=850, 489.83pt x 38.1425pt>
File: Images/project-page-editing-buttons.png Graphic file (type png)

<use Images/project-page-editing-buttons.png>
Package pdftex.def Info: Images/project-page-editing-buttons.png used on input 
line 859.
(pdftex.def)             Requested size: 433.62pt x 33.76628pt.
 [33] [34 <./Images/metagenome-browser.png>] [35 <./Images/project-page.png> <.
/Images/project-page-editing-buttons.png>] <Images/metagenome-overview.png, id=
869, 733.74126pt x 195.73125pt>
File: Images/metagenome-overview.png Graphic file (type png)

<use Images/metagenome-overview.png>
Package pdftex.def Info: Images/metagenome-overview.png used on input line 886.

(pdftex.def)             Requested size: 433.62pt x 115.67456pt.

<Images/classification-pie-chart.png, id=871, 379.4175pt x 307.1475pt>
File: Images/classification-pie-chart.png Graphic file (type png)

<use Images/classification-pie-chart.png>
Package pdftex.def Info: Images/classification-pie-chart.png used on input line
 900.
(pdftex.def)             Requested size: 289.07999pt x 234.02036pt.
 [36 <./Images/metagenome-overview.png>] [37 <./Images/classification-pie-chart
.png>]
<Images/GSC-MIxS-checklist-information.png, id=886, 314.17375pt x 447.6725pt>
File: Images/GSC-MIxS-checklist-information.png Graphic file (type png)

<use Images/GSC-MIxS-checklist-information.png>
Package pdftex.def Info: Images/GSC-MIxS-checklist-information.png used on inpu
t line 916.
(pdftex.def)             Requested size: 252.94499pt x 360.42683pt.

<Images/analysis-flowchart.png, id=888, 387.4475pt x 308.15125pt>
File: Images/analysis-flowchart.png Graphic file (type png)

<use Images/analysis-flowchart.png>
Package pdftex.def Info: Images/analysis-flowchart.png used on input line 931.
(pdftex.def)             Requested size: 289.07999pt x 229.91855pt.

<Images/source-hits-distribution.png, id=892, 731.73375pt x 307.1475pt>
File: Images/source-hits-distribution.png Graphic file (type png)

<use Images/source-hits-distribution.png>
Package pdftex.def Info: Images/source-hits-distribution.png used on input line
 950.
(pdftex.def)             Requested size: 433.62pt x 182.01218pt.
 [38] [39 <./Images/GSC-MIxS-checklist-information.png>] [40 <./Images/analysis
-flowchart.png>]
<Images/rank-abundance.png, id=915, 315.1775pt x 323.2075pt>
File: Images/rank-abundance.png Graphic file (type png)

<use Images/rank-abundance.png>
Package pdftex.def Info: Images/rank-abundance.png used on input line 984.
(pdftex.def)             Requested size: 216.81pt x 222.33282pt.
 [41 <./Images/source-hits-distribution.png>]
<Images/rarefaction.png, id=923, 903.375pt x 290.08376pt>
File: Images/rarefaction.png Graphic file (type png)

<use Images/rarefaction.png>
Package pdftex.def Info: Images/rarefaction.png used on input line 1002.
(pdftex.def)             Requested size: 433.62pt x 139.24304pt.
 [42 <./Images/rank-abundance.png>]
<Images/alpha-diversity.png, id=936, 423.5825pt x 111.41624pt>
File: Images/alpha-diversity.png Graphic file (type png)

<use Images/alpha-diversity.png>
Package pdftex.def Info: Images/alpha-diversity.png used on input line 1020.
(pdftex.def)             Requested size: 433.62pt x 114.06128pt.
 [43 <./Images/rarefaction.png> <./Images/alpha-diversity.png>]
<Images/subsystems-functions-piechart.png, id=955, 485.815pt x 442.65375pt>
File: Images/subsystems-functions-piechart.png Graphic file (type png)

<use Images/subsystems-functions-piechart.png>
Package pdftex.def Info: Images/subsystems-functions-piechart.png used on input
 line 1054.
(pdftex.def)             Requested size: 433.62pt x 395.0953pt.
 [44] [45 <./Images/subsystems-functions-piechart.png>]
<Images/search-page-unsorted-results.png, id=973, 905.3825pt x 598.235pt>
File: Images/search-page-unsorted-results.png Graphic file (type png)

<use Images/search-page-unsorted-results.png>
Package pdftex.def Info: Images/search-page-unsorted-results.png used on input 
line 1111.
(pdftex.def)             Requested size: 433.62pt x 286.51054pt.

<Images/search-page-sorted-results.png, id=974, 878.28125pt x 616.3025pt>
File: Images/search-page-sorted-results.png Graphic file (type png)

<use Images/search-page-sorted-results.png>
Package pdftex.def Info: Images/search-page-sorted-results.png used on input li
ne 1120.
(pdftex.def)             Requested size: 433.62pt x 304.28545pt.

<Images/analysis-page.png, id=976, 874.26625pt x 332.24126pt>
File: Images/analysis-page.png Graphic file (type png)

<use Images/analysis-page.png>
Package pdftex.def Info: Images/analysis-page.png used on input line 1141.
(pdftex.def)             Requested size: 433.62pt x 164.78691pt.
 [46 <./Images/search-page-unsorted-results.png>] [47 <./Images/search-page-sor
ted-results.png> <./Images/analysis-page.png>]
Overfull \hbox (5.48642pt too wide) in paragraph at lines 1163--1164
[]\OT1/ptm/m/n/12 Selection of sam-ple and pa-ram-e-ters. This di-a-log al-lows
 the se-lec-tion of mul-ti-ple metagenomes
 []

<Images/Data-selection-expanded.png, id=990, 680.5425pt x 369.38pt>
File: Images/Data-selection-expanded.png Graphic file (type png)

<use Images/Data-selection-expanded.png>
Package pdftex.def Info: Images/Data-selection-expanded.png used on input line 
1194.
(pdftex.def)             Requested size: 433.62pt x 235.35968pt.
 [48] [49 <./Images/Data-selection-expanded.png>]
Overfull \hbox (0.6369pt too wide) in paragraph at lines 1216--1218
[]\OT1/ptm/m/n/12 The Anal-y-sis page cal-cu-lates the or-di-na-tion vi-su-al-i
za-tions with ei-ther raw or nor-mal-ized counts,
 []

Missing character: There is no ‚ in font ptmr7t!
Missing character: There is no Ä in font ptmr7t!
Missing character: There is no ô in font ptmr7t!
Missing character: There is no ‚ in font ptmr7t!
Missing character: There is no Ä in font ptmr7t!
Missing character: There is no ô in font ptmr7t!
Missing character: There is no ‚ in font ptmr7t!
Missing character: There is no Ä in font ptmr7t!
Missing character: There is no ô in font ptmr7t!
Missing character: There is no ‚ in font ptmr7t!
Missing character: There is no Ä in font ptmr7t!
Missing character: There is no ú in font ptmr7t!
Missing character: There is no ‚ in font ptmr7t!
Missing character: There is no Ä in font ptmr7t!
Missing character: There is no ù in font ptmr7t!
<Images/boxplots.png, id=1005, 595.22375pt x 641.39626pt>
File: Images/boxplots.png Graphic file (type png)

<use Images/boxplots.png>
Package pdftex.def Info: Images/boxplots.png used on input line 1240.
(pdftex.def)             Requested size: 216.81pt x 233.62323pt.
 [50 <./Images/boxplots.png>]
<Images/analysis-page-rarefaction-example.png, id=1016, 858.20625pt x 687.56876
pt>
File: Images/analysis-page-rarefaction-example.png Graphic file (type png)
 <use Images/analysis-page-rarefaction-example.png>
Package pdftex.def Info: Images/analysis-page-rarefaction-example.png used on i
nput line 1266.
(pdftex.def)             Requested size: 433.62pt x 347.40308pt.

<Images/analysis-page-kegg-mapper-options.png, id=1020, 218.8175pt x 128.48pt>
File: Images/analysis-page-kegg-mapper-options.png Graphic file (type png)

<use Images/analysis-page-kegg-mapper-options.png>
Package pdftex.def Info: Images/analysis-page-kegg-mapper-options.png used on i
nput line 1302.
(pdftex.def)             Requested size: 144.54pt x 84.86763pt.

<Images/analysis-page-kegg-mapper-example.png, id=1021, 849.1725pt x 691.58376p
t>
File: Images/analysis-page-kegg-mapper-example.png Graphic file (type png)
 <use Images/analysis-page-kegg-mapper-example.png>
Package pdftex.def Info: Images/analysis-page-kegg-mapper-example.png used on i
nput line 1310.
(pdftex.def)             Requested size: 433.62pt x 353.14626pt.
 [51] [52 <./Images/analysis-page-rarefaction-example.png> <./Images/analysis-p
age-kegg-mapper-options.png>]
<Images/analysis-page-recruitment-plot-genome-selection.png, id=1034, 774.895pt
 x 392.46625pt>
File: Images/analysis-page-recruitment-plot-genome-selection.png Graphic file (
type png)

<use Images/analysis-page-recruitment-plot-genome-selection.png>
Package pdftex.def Info: Images/analysis-page-recruitment-plot-genome-selection
.png used on input line 1329.
(pdftex.def)             Requested size: 433.62pt x 219.61789pt.
 [53 <./Images/analysis-page-kegg-mapper-example.png>]
<Images/analysis-page-recruitment-plot-example.png, id=1042, 920.43875pt x 1004
.75375pt>
File: Images/analysis-page-recruitment-plot-example.png Graphic file (type png)

 <use Images/analysis-page-recruitment-plot-example.png>
Package pdftex.def Info: Images/analysis-page-recruitment-plot-example.png used
 on input line 1351.
(pdftex.def)             Requested size: 433.62pt x 473.35352pt.

<Images/analysis-page-bar-chart.png, id=1045, 990.70125pt x 598.235pt>
File: Images/analysis-page-bar-chart.png Graphic file (type png)

<use Images/analysis-page-bar-chart.png>
Package pdftex.def Info: Images/analysis-page-bar-chart.png used on input line 
1370.
(pdftex.def)             Requested size: 433.62pt x 261.8367pt.

<Images/analysis-page-radial-tree.png, id=1048, 780.9175pt x 638.385pt>
File: Images/analysis-page-radial-tree.png Graphic file (type png)

<use Images/analysis-page-radial-tree.png>
Package pdftex.def Info: Images/analysis-page-radial-tree.png used on input lin
e 1392.
(pdftex.def)             Requested size: 433.62pt x 354.47345pt.
 [54 <./Images/analysis-page-recruitment-plot-genome-selection.png>] [55 <./Ima
ges/analysis-page-recruitment-plot-example.png>] [56 <./Images/analysis-page-ba
r-chart.png>]
<Images/analysis-page-tree-additional-bar-charts.png, id=1065, 343.2825pt x 640
.3925pt>
File: Images/analysis-page-tree-additional-bar-charts.png Graphic file (type pn
g)
 <use Images/analysis-page-tree-additional-bar-charts.png>
Package pdftex.def Info: Images/analysis-page-tree-additional-bar-charts.png us
ed on input line 1407.
(pdftex.def)             Requested size: 289.07999pt x 539.2745pt.

<Images/analysis-page-tree-options.png, id=1067, 273.02pt x 176.66pt>
File: Images/analysis-page-tree-options.png Graphic file (type png)

<use Images/analysis-page-tree-options.png>
Package pdftex.def Info: Images/analysis-page-tree-options.png used on input li
ne 1421.
(pdftex.def)             Requested size: 289.07999pt x 187.0646pt.
 [57 <./Images/analysis-page-radial-tree.png>] [58 <./Images/analysis-page-tree
-additional-bar-charts.png>]
<Images/analysis-page-tree-order-level-with-phylum-colors.png, id=1081, 790.955
pt x 581.17125pt>
File: Images/analysis-page-tree-order-level-with-phylum-colors.png Graphic file
 (type png)

<use Images/analysis-page-tree-order-level-with-phylum-colors.png>
Package pdftex.def Info: Images/analysis-page-tree-order-level-with-phylum-colo
rs.png used on input line 1456.
(pdftex.def)             Requested size: 433.62pt x 318.61649pt.

<Images/heatmap.png, id=1082, 916.42375pt x 405.515pt>
File: Images/heatmap.png Graphic file (type png)

<use Images/heatmap.png>
Package pdftex.def Info: Images/heatmap.png used on input line 1474.
(pdftex.def)             Requested size: 289.07999pt x 127.91733pt.
 [59 <./Images/analysis-page-tree-options.png>]
[60 <./Images/analysis-page-tree-order-level-with-phylum-colors.png> <./Images/
heatmap.png>] [61]
<Images/analysis-page-table.png, id=1107, 963.6pt x 606.265pt>
File: Images/analysis-page-table.png Graphic file (type png)

<use Images/analysis-page-table.png>
Package pdftex.def Info: Images/analysis-page-table.png used on input line 1527
.
(pdftex.def)             Requested size: 433.62pt x 272.81673pt.
 [62 <./Images/analysis-page-table.png>]
[63] [64]
Chapter 4.
[65

] [66] [67]
<Images/upload-page-md5-verification.png, id=1144, 592.2125pt x 304.13625pt>
File: Images/upload-page-md5-verification.png Graphic file (type png)

<use Images/upload-page-md5-verification.png>
Package pdftex.def Info: Images/upload-page-md5-verification.png used on input 
line 1717.
(pdftex.def)             Requested size: 289.07999pt x 148.46188pt.
 [68 <./Images/upload-page-md5-verification.png>]
Overfull \hbox (5.76038pt too wide) in paragraph at lines 1730--1733
[]\OT1/ptm/m/n/12 Since MG-RAST has been de-signed to work with metage-nomic an
d meta-tran-scrip-tomic datasets,
 []

[69] [70] <Images/Inbox.png, id=1171, 932.48375pt x 665.48625pt>
File: Images/Inbox.png Graphic file (type png)

<use Images/Inbox.png>
Package pdftex.def Info: Images/Inbox.png used on input line 1831.
(pdftex.def)             Requested size: 433.62pt x 309.45805pt.
 [71] [72 <./Images/Inbox.png>]
<Images/Inbox-File-Information.png, id=1185, 423.5825pt x 407.5225pt>
File: Images/Inbox-File-Information.png Graphic file (type png)

<use Images/Inbox-File-Information.png>
Package pdftex.def Info: Images/Inbox-File-Information.png used on input line 1
893.
(pdftex.def)             Requested size: 289.07999pt x 278.13142pt.
 [73] [74 <./Images/Inbox-File-Information.png>] <Images/project-spreadsheet.pn
g, id=1200, 641.39626pt x 292.09125pt>
File: Images/project-spreadsheet.png Graphic file (type png)

<use Images/project-spreadsheet.png>
Package pdftex.def Info: Images/project-spreadsheet.png used on input line 1925
.
(pdftex.def)             Requested size: 433.62pt x 197.47397pt.

<Images/project-spreadsheet-multiple-tabs.png, id=1201, 541.02126pt x 63.23625p
t>
File: Images/project-spreadsheet-multiple-tabs.png Graphic file (type png)
 <use Images/project-spreadsheet-multiple-tabs.png>
Package pdftex.def Info: Images/project-spreadsheet-multiple-tabs.png used on i
nput line 1937.
(pdftex.def)             Requested size: 433.62pt x 50.68459pt.
 [75 <./Images/project-spreadsheet.png> <./Images/project-spreadsheet-multiple-
tabs.png>]
<Images/project-spreadsheet-with-3-samples.png, id=1211, 529.98pt x 129.48375pt
>
File: Images/project-spreadsheet-with-3-samples.png Graphic file (type png)
 <use Images/project-spreadsheet-with-3-samples.png>
Package pdftex.def Info: Images/project-spreadsheet-with-3-samples.png used on 
input line 1949.
(pdftex.def)             Requested size: 433.62pt x 105.94223pt.
 [76 <./Images/project-spreadsheet-with-3-samples.png>]
Missing character: There is no ¬ in font ptmr7t!
Missing character: There is no ∞ in font ptmr7t!
Missing character: There is no ‚ in font ptmr7t!
Missing character: There is no Ä in font ptmr7t!
Missing character: There is no ≤ in font ptmr7t!
Missing character: There is no ¬ in font ptmr7t!
Missing character: There is no ∞ in font ptmr7t!
Missing character: There is no ‚ in font ptmr7t!
Missing character: There is no Ä in font ptmr7t!
Missing character: There is no ≤ in font ptmr7t!
 [77]
<Images/collections-total-list1.png, id=1235, 384.6872pt x 287.57437pt>
File: Images/collections-total-list1.png Graphic file (type png)

<use Images/collections-total-list1.png>
Package pdftex.def Info: Images/collections-total-list1.png used on input line 
2050.
(pdftex.def)             Requested size: 433.62pt x 324.17857pt.
 [78]
<Images/browse-for-metagenomes.png, id=1243, 272.01625pt x 29.10875pt>
File: Images/browse-for-metagenomes.png Graphic file (type png)

<use Images/browse-for-metagenomes.png>
Package pdftex.def Info: Images/browse-for-metagenomes.png used on input line 2
066.
(pdftex.def)             Requested size: 144.54pt x 15.46797pt.

<Images/collections-browse-window.png, id=1245, 578.16pt x 426.09187pt>
File: Images/collections-browse-window.png Graphic file (type png)

<use Images/collections-browse-window.png>
Package pdftex.def Info: Images/collections-browse-window.png used on input lin
e 2078.
(pdftex.def)             Requested size: 289.07999pt x 213.04541pt.
 [79 <./Images/collections-total-list1.png>]
<Images/collections-filter-by-biome.png, id=1256, 560.8453pt x 465.23813pt>
File: Images/collections-filter-by-biome.png Graphic file (type png)

<use Images/collections-filter-by-biome.png>
Package pdftex.def Info: Images/collections-filter-by-biome.png used on input l
ine 2092.
(pdftex.def)             Requested size: 433.62pt x 359.69684pt.

<Images/collections-filtered-but-too-many.png, id=1257, 490.08093pt x 459.21562
pt>
File: Images/collections-filtered-but-too-many.png Graphic file (type png)
 <use Images/collections-filtered-but-too-many.png>
Package pdftex.def Info: Images/collections-filtered-but-too-many.png used on i
nput line 2104.
(pdftex.def)             Requested size: 289.07999pt x 270.8788pt.
Missing character: There is no ‚ in font ptmr7t!
Missing character: There is no Ä in font ptmr7t!
Missing character: There is no ô in font ptmr7t!

<Images/collections-twin.png, id=1259, 645.91313pt x 414.04688pt>
File: Images/collections-twin.png Graphic file (type png)

<use Images/collections-twin.png>
Package pdftex.def Info: Images/collections-twin.png used on input line 2115.
(pdftex.def)             Requested size: 433.62pt x 277.95961pt.

<Images/Collections-how-to-save.png, id=1261, 647.41875pt x 413.29407pt>
File: Images/Collections-how-to-save.png Graphic file (type png)

<use Images/Collections-how-to-save.png>
Package pdftex.def Info: Images/Collections-how-to-save.png used on input line 
2128.
(pdftex.def)             Requested size: 433.62pt x 276.81097pt.
Missing character: There is no ‚ in font ptmr7t!
Missing character: There is no Ä in font ptmr7t!
Missing character: There is no ù in font ptmr7t!

<Images/collections-finished.png, id=1262, 487.06969pt x 428.35031pt>
File: Images/collections-finished.png Graphic file (type png)

<use Images/collections-finished.png>
Package pdftex.def Info: Images/collections-finished.png used on input line 214
0.
(pdftex.def)             Requested size: 433.62pt x 381.34822pt.

<Images/using-collections.png, id=1264, 548.80031pt x 371.88937pt>
File: Images/using-collections.png Graphic file (type png)

<use Images/using-collections.png>
Package pdftex.def Info: Images/using-collections.png used on input line 2151.
(pdftex.def)             Requested size: 433.62pt x 293.84613pt.
 [80 <./Images/browse-for-metagenomes.png> <./Images/collections-browse-window.
png>] [81 <./Images/collections-filter-by-biome.png>] [82 <./Images/collections
-filtered-but-too-many.png>] [83 <./Images/collections-twin.png>] [84 <./Images
/Collections-how-to-save.png>]
<Images/analysis-page-selecting-lean-and-obese.png, id=1301, 664.4825pt x 525.9
65pt>
File: Images/analysis-page-selecting-lean-and-obese.png Graphic file (type png)

 <use Images/analysis-page-selecting-lean-and-obese.png>
Package pdftex.def Info: Images/analysis-page-selecting-lean-and-obese.png used
 on input line 2204.
(pdftex.def)             Requested size: 433.62pt x 343.2295pt.
 [85 <./Images/collections-finished.png>]
<Images/table-group-by-class.png, id=1309, 284.06125pt x 313.17pt>
File: Images/table-group-by-class.png Graphic file (type png)

<use Images/table-group-by-class.png>
Package pdftex.def Info: Images/table-group-by-class.png used on input line 222
0.
(pdftex.def)             Requested size: 144.54pt x 159.35619pt.

<Images/table-organism-abundance.png, id=1311, 758.835pt x 184.69pt>
File: Images/table-organism-abundance.png Graphic file (type png)

<use Images/table-organism-abundance.png>
Package pdftex.def Info: Images/table-organism-abundance.png used on input line
 2232.
(pdftex.def)             Requested size: 216.81pt x 52.76682pt.
 [86 <./Images/using-collections.png>] [87 <./Images/analysis-page-selecting-le
an-and-obese.png>]
<Images/workbench.png, id=1324, 568.1225pt x 297.11pt>
File: Images/workbench.png Graphic file (type png)

<use Images/workbench.png>
Package pdftex.def Info: Images/workbench.png used on input line 2245.
(pdftex.def)             Requested size: 216.81pt x 113.38351pt.

<Images/barchart-from-workbench.png, id=1326, 811.03pt x 307.1475pt>
File: Images/barchart-from-workbench.png Graphic file (type png)

<use Images/barchart-from-workbench.png>
Package pdftex.def Info: Images/barchart-from-workbench.png used on input line 
2259.
(pdftex.def)             Requested size: 216.81pt x 82.10606pt.

<Images/workbench-download.png, id=1328, 543.02875pt x 243.91125pt>
File: Images/workbench-download.png Graphic file (type png)

<use Images/workbench-download.png>
Package pdftex.def Info: Images/workbench-download.png used on input line 2271.

(pdftex.def)             Requested size: 216.81pt x 97.38411pt.
 [88 <./Images/table-group-by-class.png> <./Images/table-organism-abundance.png
>] [89 <./Images/workbench.png> <./Images/barchart-from-workbench.png> <./Image
s/workbench-download.png>]
<Images/blat-alignment.png, id=1342, 991.705pt x 693.59125pt>
File: Images/blat-alignment.png Graphic file (type png)

<use Images/blat-alignment.png>
Package pdftex.def Info: Images/blat-alignment.png used on input line 2294.
(pdftex.def)             Requested size: 433.62pt x 303.2655pt.

Overfull \hbox (19.92456pt too wide) in paragraph at lines 2323--2331
[][] 
 []


Overfull \hbox (3.54436pt too wide) in paragraph at lines 2335--2346
\OT1/ptm/m/n/12 able via the urls re-turned by a query to http://api.metagenomi
cs.anl.gov/analysisset/mgm4450212.3.
 []


Overfull \hbox (32.00764pt too wide) in paragraph at lines 2335--2346
\OT1/ptm/m/n/12 This re-turns a JSON data struc-ture with urls for all the data
 files. For in-stance, 900.abun-dance.organism.gz
 []

[90 <./Images/blat-alignment.png>] [91]
Overfull \hbox (16.58598pt too wide) in paragraph at lines 2397--2399
[]\OT1/ptm/m/n/12 A project di-rec-tory on the FTP server for the pub-lic proje
ct 128 ([]$\OT1/pcr/m/n/12 ftp : / / ftp . metagenomics .
 []

<Images/ftp-server-project-view.png, id=1360, 714.67pt x 354.32375pt>
File: Images/ftp-server-project-view.png Graphic file (type png)

<use Images/ftp-server-project-view.png>
Package pdftex.def Info: Images/ftp-server-project-view.png used on input line 
2403.
(pdftex.def)             Requested size: 433.62pt x 214.98557pt.
 [92 <./Images/ftp-server-project-view.png>] [93]
Chapter 5.
Missing character: There is no ‚ in font ptmr7t!
Missing character: There is no Ä in font ptmr7t!
Missing character: There is no ô in font ptmr7t!
Missing character: There is no ‚ in font ptmr7t!
Missing character: There is no Ä in font ptmr7t!
Missing character: There is no ô in font ptmr7t!
[94

]
Missing character: There is no ‚ in font ptmr7t!
Missing character: There is no Ä in font ptmr7t!
Missing character: There is no ô in font ptmr7t!
 [95] [96] [97]
Appendix A.
Missing character: There is no ‚ in font ptmr7t!
Missing character: There is no Ä in font ptmr7t!
Missing character: There is no ú in font ptmr7t!
Missing character: There is no ‚ in font ptmr7t!
Missing character: There is no Ä in font ptmr7t!
Missing character: There is no ù in font ptmr7t!
Missing character: There is no ‚ in font ptmr7t!
Missing character: There is no Ä in font ptmr7t!
Missing character: There is no ò in font ptmr7t!
Missing character: There is no ‚ in font ptmr7t!
Missing character: There is no Ä in font ptmr7t!
Missing character: There is no ô in font ptmr7t!

Underfull \hbox (badness 10000) in paragraph at lines 2717--2718
[]\OT1/ptm/m/n/12 additional se-quence ids in-clud-ing hit lo-ca-tion and stran
d, e.g.
 []


Underfull \hbox (badness 10000) in paragraph at lines 2739--2740
[]\OT1/ptm/m/n/12 Taxonomic string, e.g. Bac-te-ria;Actinobacteria;Actinobacter
ia
 []

[98

] [99] [100] [101]
Appendix B.
[102

] [103]
Appendix C.
[104

]
Missing character: There is no √ in font ptmr7t!
Missing character: There is no ± in font ptmr7t!
Missing character: There is no √ in font ptmr7t!
Missing character: There is no ´ in font ptmr7t!
 [105]
Missing character: There is no ‚ in font ptmr7t!
Missing character: There is no Ä in font ptmr7t!
Missing character: There is no ô in font ptmr7t!
 [106] (./mg-rast-tech-report.lof
Overfull \hbox (5.39294pt too wide) in paragraph at lines 11--11
 [][] [][]\OT1/ptm/m/n/12 Nucleotide his-togram show-ing ideal dis-tri-bu-tions
 typ-i-cal for a shot-gun metagenome. 
 []

[107

]
Missing character: There is no ‚ in font ptmr7t!
Missing character: There is no Ä in font ptmr7t!
Missing character: There is no ù in font ptmr7t!
Missing character: There is no ‚ in font ptmr7t!
Missing character: There is no Ä in font ptmr7t!
Missing character: There is no ù in font ptmr7t!
 [108] [109]
Overfull \hbox (1.32516pt too wide) in paragraph at lines 47--47
 [][] [][]\OT1/ptm/m/n/12 Heatmap/dendogram ex-am-ple in MG-RAST. The MG-RAST h
eatmap/dendrogram 
 []


Overfull \hbox (12.26804pt too wide) in paragraph at lines 47--47
 \OT1/ptm/m/n/12 nomic sam-ples (x axis den-dro-gram) and an-other in-di-cat-in
g the sim-i-lar-ity/dissimilarity 
 []


Overfull \hbox (0.10126pt too wide) in paragraph at lines 54--54
 [][] [][]\OT1/ptm/m/n/12 The var-i-ous tabs in the spread-sheet. Project, sam-
ple and one of li-brary metagenome 
 []

[110])
\tf@lof=\write7
\openout7 = `mg-rast-tech-report.lof'.

 (./mg-rast-tech-report.gls [111]) (./mg-rast-tech-report.bbl [112


]
Underfull \hbox (badness 10000) in paragraph at lines 28--32
[]\OT1/ptm/m/n/12 OpenMP Ar-chi-tec-ture Re-view Board.  OpenMP Ap-pli-ca-tion 
Pro-gram
 []


Underfull \hbox (badness 10000) in paragraph at lines 28--32
\OT1/ptm/m/n/12 In-ter-face Ver-sion 3.1.  This doc-u-ment is avail-able as a P
DF from
 []

[113

]
Underfull \hbox (badness 10000) in paragraph at lines 97--101
[]\OT1/ptm/m/n/12 National Hu-man Genome Re-search In-sti-tute.  Cost per raw m
egabase of
 []


Underfull \hbox (badness 4927) in paragraph at lines 97--101
\OT1/ptm/m/n/12 dna se-quence, 2012.  This doc-u-ment is avail-able on the NHGR
I web-site at
 []

[114] [115]
Missing character: There is no √ in font ptmr7t!
Missing character: There is no ∂ in font ptmr7t!
 [116]
Missing character: There is no ‚ in font ptmr7t!
Missing character: There is no Ä in font ptmr7t!
Missing character: There is no ì in font ptmr7t!
 [117])
Package atveryend Info: Empty hook `BeforeClearDocument' on input line 2882.
 [118]
Package atveryend Info: Empty hook `AfterLastShipout' on input line 2882.
 (./mg-rast-tech-report.aux)
Package atveryend Info: Executing hook `AtVeryEndDocument' on input line 2882.
Package atveryend Info: Executing hook `AtEndAfterFileList' on input line 2882.

Package rerunfilecheck Info: File `mg-rast-tech-report.out' has not changed.
(rerunfilecheck)             Checksum: 3637A3A2178548AF03F8E47A58143748;6459.
 ) 
Here is how much of TeX's memory you used:
 14141 strings out of 493488
 235169 string characters out of 3141326
 338944 words of memory out of 3000000
 16743 multiletter control sequences out of 15000+200000
 29623 words of font info for 58 fonts, out of 3000000 for 9000
 957 hyphenation exceptions out of 8191
 38i,8n,38p,1439b,473s stack positions out of 5000i,500n,10000p,200000b,50000s
pdfTeX warning (dest): name{glo:JSON} has been referenced but does not exist,
 replaced by a fixed one

{/usr/local/texlive/2012/texmf-dist/fonts/enc/dvips/base/8r.enc}</usr/local/tex
live/2012/texmf-dist/fonts/type1/public/amsfonts/cm/cmex10.pfb></usr/local/texl
ive/2012/texmf-dist/fonts/type1/public/amsfonts/cm/cmmi10.pfb></usr/local/texli
ve/2012/texmf-dist/fonts/type1/public/amsfonts/cm/cmmi12.pfb></usr/local/texliv
e/2012/texmf-dist/fonts/type1/public/amsfonts/cm/cmmi6.pfb></usr/local/texlive/
2012/texmf-dist/fonts/type1/public/amsfonts/cm/cmmi8.pfb></usr/local/texlive/20
12/texmf-dist/fonts/type1/public/amsfonts/cm/cmr10.pfb></usr/local/texlive/2012
/texmf-dist/fonts/type1/public/amsfonts/cm/cmr12.pfb></usr/local/texlive/2012/t
exmf-dist/fonts/type1/public/amsfonts/cm/cmr8.pfb></usr/local/texlive/2012/texm
f-dist/fonts/type1/public/amsfonts/cm/cmsy10.pfb></usr/local/texlive/2012/texmf
-dist/fonts/type1/public/amsfonts/cm/cmsy8.pfb></usr/local/texlive/2012/texmf-d
ist/fonts/type1/urw/courier/ucrr8a.pfb></usr/local/texlive/2012/texmf-dist/font
s/type1/urw/times/utmb8a.pfb></usr/local/texlive/2012/texmf-dist/fonts/type1/ur
w/times/utmr8a.pfb></usr/local/texlive/2012/texmf-dist/fonts/type1/urw/times/ut
mri8a.pfb>
Output written on mg-rast-tech-report.pdf (119 pages, 6445050 bytes).
PDF statistics:
 1863 PDF objects out of 2073 (max. 8388607)
 1630 compressed objects within 17 object streams
 402 named destinations out of 1000 (max. 500000)
 1072 words of extra memory for PDF output out of 10000 (max. 10000000)

