\BOOKMARK [0][-]{chapter.1}{Introduction}{}% 1
\BOOKMARK [1][-]{section.1.1}{Motivation}{chapter.1}% 2
\BOOKMARK [1][-]{section.1.2}{URL}{chapter.1}% 3
\BOOKMARK [1][-]{section.1.3}{Version history}{chapter.1}% 4
\BOOKMARK [1][-]{section.1.4}{Comparison of versions 2 and 3}{chapter.1}% 5
\BOOKMARK [1][-]{section.1.5}{The MG-RAST team}{chapter.1}% 6
\BOOKMARK [1][-]{section.1.6}{Contacting the MG-RAST team and help desk}{chapter.1}% 7
\BOOKMARK [0][-]{chapter.2}{Under the hood: The MG-RAST technology platform and pipeline}{}% 8
\BOOKMARK [1][-]{section.2.1}{Data model}{chapter.2}% 9
\BOOKMARK [1][-]{section.2.2}{Details on the new MG-RAST pipeline}{chapter.2}% 10
\BOOKMARK [2][-]{subsection.2.2.1}{Preprocessing}{section.2.2}% 11
\BOOKMARK [2][-]{subsection.2.2.2}{Dereplication}{section.2.2}% 12
\BOOKMARK [2][-]{subsection.2.2.3}{DRISEE}{section.2.2}% 13
\BOOKMARK [2][-]{subsection.2.2.4}{Screening}{section.2.2}% 14
\BOOKMARK [2][-]{subsection.2.2.5}{Gene calling}{section.2.2}% 15
\BOOKMARK [2][-]{subsection.2.2.6}{AA clustering}{section.2.2}% 16
\BOOKMARK [2][-]{subsection.2.2.7}{Protein identification}{section.2.2}% 17
\BOOKMARK [2][-]{subsection.2.2.8}{Annotation mapping}{section.2.2}% 18
\BOOKMARK [2][-]{subsection.2.2.9}{Abundance profiles}{section.2.2}% 19
\BOOKMARK [1][-]{section.2.3}{The rRNA pipeline}{chapter.2}% 20
\BOOKMARK [2][-]{subsection.2.3.1}{rRNA detection}{section.2.3}% 21
\BOOKMARK [2][-]{subsection.2.3.2}{rRNA clustering}{section.2.3}% 22
\BOOKMARK [2][-]{subsection.2.3.3}{rRNA identification}{section.2.3}% 23
\BOOKMARK [1][-]{section.2.4}{Quality assessment}{chapter.2}% 24
\BOOKMARK [2][-]{subsection.2.4.1}{DRISEE}{section.2.4}% 25
\BOOKMARK [2][-]{subsection.2.4.2}{Kmer profiles}{section.2.4}% 26
\BOOKMARK [2][-]{subsection.2.4.3}{Nucleotide histograms}{section.2.4}% 27
\BOOKMARK [1][-]{section.2.5}{Best hit, representative hit, and lowest common ancestor interpretation}{chapter.2}% 28
\BOOKMARK [2][-]{subsection.2.5.1}{Best hit}{section.2.5}% 29
\BOOKMARK [2][-]{subsection.2.5.2}{Representative hit}{section.2.5}% 30
\BOOKMARK [2][-]{subsection.2.5.3}{Lowest Common Ancestor \(LCA\)}{section.2.5}% 31
\BOOKMARK [2][-]{subsection.2.5.4}{Comparison of methods}{section.2.5}% 32
\BOOKMARK [1][-]{section.2.6}{Numbers of annotations vs. number of reads}{chapter.2}% 33
\BOOKMARK [1][-]{section.2.7}{Metadata, Publishing, and Sharing}{chapter.2}% 34
\BOOKMARK [2][-]{subsection.2.7.1}{Metadata}{section.2.7}% 35
\BOOKMARK [2][-]{subsection.2.7.2}{Publishing}{section.2.7}% 36
\BOOKMARK [2][-]{subsection.2.7.3}{Sharing}{section.2.7}% 37
\BOOKMARK [2][-]{subsection.2.7.4}{Anonymous sharing with reviewers}{section.2.7}% 38
\BOOKMARK [2][-]{subsection.2.7.5}{Identifiers}{section.2.7}% 39
\BOOKMARK [2][-]{subsection.2.7.6}{Linking to MG-RAST}{section.2.7}% 40
\BOOKMARK [0][-]{chapter.3}{MG-RAST v3 web interface}{}% 41
\BOOKMARK [1][-]{section.3.1}{Technical details}{chapter.3}% 42
\BOOKMARK [2][-]{subsection.3.1.1}{Browser requirements}{section.3.1}% 43
\BOOKMARK [2][-]{subsection.3.1.2}{Downloading figures}{section.3.1}% 44
\BOOKMARK [1][-]{section.3.2}{Sitemap for MG-RAST}{chapter.3}% 45
\BOOKMARK [1][-]{section.3.3}{Upload page}{chapter.3}% 46
\BOOKMARK [1][-]{section.3.4}{Browse page \205 Metadata-enabled data discovery}{chapter.3}% 47
\BOOKMARK [1][-]{section.3.5}{Project page}{chapter.3}% 48
\BOOKMARK [1][-]{section.3.6}{Overview page}{chapter.3}% 49
\BOOKMARK [2][-]{subsection.3.6.1}{Technical part of the Overview page \205 Details on sequencing and analysis}{section.3.6}% 50
\BOOKMARK [2][-]{subsection.3.6.2}{Biological part of the Overview page }{section.3.6}% 51
\BOOKMARK [1][-]{section.3.7}{Download page}{chapter.3}% 52
\BOOKMARK [1][-]{section.3.8}{Search Page}{chapter.3}% 53
\BOOKMARK [1][-]{section.3.9}{Analysis page}{chapter.3}% 54
\BOOKMARK [2][-]{subsection.3.9.1}{Normalization}{section.3.9}% 55
\BOOKMARK [2][-]{subsection.3.9.2}{Rarefaction}{section.3.9}% 56
\BOOKMARK [2][-]{subsection.3.9.3}{KEGG mapper}{section.3.9}% 57
\BOOKMARK [2][-]{subsection.3.9.4}{Recruitment plots}{section.3.9}% 58
\BOOKMARK [2][-]{subsection.3.9.5}{Bar charts}{section.3.9}% 59
\BOOKMARK [2][-]{subsection.3.9.6}{Tree diagram}{section.3.9}% 60
\BOOKMARK [2][-]{subsection.3.9.7}{Heatmap/Dendrogram}{section.3.9}% 61
\BOOKMARK [2][-]{subsection.3.9.8}{Ordination}{section.3.9}% 62
\BOOKMARK [2][-]{subsection.3.9.9}{Table}{section.3.9}% 63
\BOOKMARK [2][-]{subsection.3.9.10}{Workbench}{section.3.9}% 64
\BOOKMARK [0][-]{chapter.4}{User Manual}{}% 65
\BOOKMARK [1][-]{section.4.1}{URL}{chapter.4}% 66
\BOOKMARK [1][-]{section.4.2}{Account}{chapter.4}% 67
\BOOKMARK [2][-]{subsection.4.2.1}{Account registration}{section.4.2}% 68
\BOOKMARK [2][-]{subsection.4.2.2}{Account webkey}{section.4.2}% 69
\BOOKMARK [1][-]{section.4.3}{Privacy, Identifiers, Sharing, and Publication}{chapter.4}% 70
\BOOKMARK [1][-]{section.4.4}{Uploading to MG-RAST}{chapter.4}% 71
\BOOKMARK [2][-]{subsection.4.4.1}{Steps for submission via the web interface}{section.4.4}% 72
\BOOKMARK [2][-]{subsection.4.4.2}{Cmd-line uploader}{section.4.4}% 73
\BOOKMARK [2][-]{subsection.4.4.3}{Managing the Inbox}{section.4.4}% 74
\BOOKMARK [2][-]{subsection.4.4.4}{Generating metadata for the submission}{section.4.4}% 75
\BOOKMARK [1][-]{section.4.5}{Working with Projects and Collections}{chapter.4}% 76
\BOOKMARK [1][-]{section.4.6}{Understanding Datasets}{chapter.4}% 77
\BOOKMARK [1][-]{section.4.7}{Drilling Down with the Workbench}{chapter.4}% 78
\BOOKMARK [1][-]{section.4.8}{Downloads from the Workbench}{chapter.4}% 79
\BOOKMARK [1][-]{section.4.9}{Viewing Evidence}{chapter.4}% 80
\BOOKMARK [1][-]{section.4.10}{MG-RAST Output}{chapter.4}% 81
\BOOKMARK [2][-]{subsection.4.10.1}{Data products on the website}{section.4.10}% 82
\BOOKMARK [2][-]{subsection.4.10.2}{FTP server}{section.4.10}% 83
\BOOKMARK [2][-]{subsection.4.10.3}{Downloads}{section.4.10}% 84
\BOOKMARK [1][-]{section.4.11}{Contacting the MG-RAST team and help desk}{chapter.4}% 85
\BOOKMARK [0][-]{chapter.5}{Putting It All in Perspective}{}% 86
\BOOKMARK [1][-]{section.5.1}{MG-RAST, a community resource}{chapter.5}% 87
\BOOKMARK [1][-]{section.5.2}{Future Work}{chapter.5}% 88
\BOOKMARK [2][-]{subsection.5.2.1}{Roadmap}{section.5.2}% 89
\BOOKMARK [0][-]{appendix.A}{The downloadable files for each data set}{}% 90
\BOOKMARK [0][-]{appendix.B}{Terms of Service}{}% 91
\BOOKMARK [0][-]{appendix.C}{Tools and data used by MG-RAST}{}% 92
\BOOKMARK [1][-]{section.C.1}{Databases}{appendix.C}% 93
\BOOKMARK [2][-]{subsection.C.1.1}{Protein databases}{section.C.1}% 94
\BOOKMARK [2][-]{subsection.C.1.2}{Ribosomal RNA databases}{section.C.1}% 95
\BOOKMARK [1][-]{section.C.2}{Software}{appendix.C}% 96
\BOOKMARK [2][-]{subsection.C.2.1}{Bioinformatics codes}{section.C.2}% 97
\BOOKMARK [2][-]{subsection.C.2.2}{Web/UI tools}{section.C.2}% 98
\BOOKMARK [2][-]{subsection.C.2.3}{Behind the scenes}{section.C.2}% 99
\BOOKMARK [2][-]{appendix*.16}{Glossary and Acronyms}{section.C.2}% 100
